<?xml version="1.0" encoding="UTF-8"?>
<!-- Generated by org.testng.reporters.JUnitReportReporter -->
<testsuite hostname="Slomos-MacBook-Pro.local" failures="0" tests="4" name="test.DataDrivenTest" time="12.323" errors="0" timestamp="2022-04-15T13:19:59 EDT" skipped="0">
  <testcase classname="test.DataDrivenTest" name="loginTest" time="0.982"/>
  <system-out/>
  <testcase classname="test.DataDrivenTest" name="loginTest" time="0.902"/>
  <system-out/>
  <testcase classname="test.DataDrivenTest" name="loginTest" time="9.611"/>
  <system-out/>
  <testcase classname="test.DataDrivenTest" name="loginTest" time="0.828"/>
  <system-out/>
</testsuite> <!-- test.DataDrivenTest -->
